[2021-09-17 16:48:02,805]-[factory.py|_find_provider_class]-[line|94]-DEBUG   : Looking for locale `zh_CN` in provider `faker.providers.address`.
[2021-09-17 16:48:02,813]-[factory.py|_find_provider_class]-[line|106]-DEBUG   : Provider `faker.providers.address` has been localized to `zh_CN`.
[2021-09-17 16:48:02,814]-[factory.py|_find_provider_class]-[line|94]-DEBUG   : Looking for locale `zh_CN` in provider `faker.providers.automotive`.
[2021-09-17 16:48:02,817]-[factory.py|_find_provider_class]-[line|101]-DEBUG   : Specified locale `zh_CN` is not available for provider `faker.providers.automotive`. Locale reset to `en_US` for this provider.
[2021-09-17 16:48:02,819]-[factory.py|_find_provider_class]-[line|94]-DEBUG   : Looking for locale `zh_CN` in provider `faker.providers.bank`.
[2021-09-17 16:48:02,822]-[factory.py|_find_provider_class]-[line|101]-DEBUG   : Specified locale `zh_CN` is not available for provider `faker.providers.bank`. Locale reset to `en_GB` for this provider.
[2021-09-17 16:48:02,823]-[factory.py|_find_provider_class]-[line|94]-DEBUG   : Looking for locale `zh_CN` in provider `faker.providers.barcode`.
[2021-09-17 16:48:02,824]-[factory.py|_find_provider_class]-[line|101]-DEBUG   : Specified locale `zh_CN` is not available for provider `faker.providers.barcode`. Locale reset to `en_US` for this provider.
[2021-09-17 16:48:02,826]-[factory.py|_find_provider_class]-[line|94]-DEBUG   : Looking for locale `zh_CN` in provider `faker.providers.color`.
[2021-09-17 16:48:02,828]-[factory.py|_find_provider_class]-[line|101]-DEBUG   : Specified locale `zh_CN` is not available for provider `faker.providers.color`. Locale reset to `en_US` for this provider.
[2021-09-17 16:48:02,828]-[factory.py|_find_provider_class]-[line|94]-DEBUG   : Looking for locale `zh_CN` in provider `faker.providers.company`.
[2021-09-17 16:48:02,833]-[factory.py|_find_provider_class]-[line|106]-DEBUG   : Provider `faker.providers.company` has been localized to `zh_CN`.
[2021-09-17 16:48:02,834]-[factory.py|_find_provider_class]-[line|94]-DEBUG   : Looking for locale `zh_CN` in provider `faker.providers.credit_card`.
[2021-09-17 16:48:02,835]-[factory.py|_find_provider_class]-[line|101]-DEBUG   : Specified locale `zh_CN` is not available for provider `faker.providers.credit_card`. Locale reset to `en_US` for this provider.
[2021-09-17 16:48:02,835]-[factory.py|_find_provider_class]-[line|94]-DEBUG   : Looking for locale `zh_CN` in provider `faker.providers.currency`.
[2021-09-17 16:48:02,838]-[factory.py|_find_provider_class]-[line|101]-DEBUG   : Specified locale `zh_CN` is not available for provider `faker.providers.currency`. Locale reset to `en_US` for this provider.
[2021-09-17 16:48:02,839]-[factory.py|_find_provider_class]-[line|94]-DEBUG   : Looking for locale `zh_CN` in provider `faker.providers.date_time`.
[2021-09-17 16:48:02,843]-[factory.py|_find_provider_class]-[line|101]-DEBUG   : Specified locale `zh_CN` is not available for provider `faker.providers.date_time`. Locale reset to `en_US` for this provider.
[2021-09-17 16:48:02,844]-[factory.py|_find_provider_class]-[line|113]-DEBUG   : Provider `faker.providers.file` does not feature localization. Specified locale `zh_CN` is not utilized for this provider.
[2021-09-17 16:48:02,844]-[factory.py|_find_provider_class]-[line|94]-DEBUG   : Looking for locale `zh_CN` in provider `faker.providers.geo`.
[2021-09-17 16:48:02,845]-[factory.py|_find_provider_class]-[line|101]-DEBUG   : Specified locale `zh_CN` is not available for provider `faker.providers.geo`. Locale reset to `en_US` for this provider.
[2021-09-17 16:48:02,846]-[factory.py|_find_provider_class]-[line|94]-DEBUG   : Looking for locale `zh_CN` in provider `faker.providers.internet`.
[2021-09-17 16:48:02,851]-[factory.py|_find_provider_class]-[line|106]-DEBUG   : Provider `faker.providers.internet` has been localized to `zh_CN`.
[2021-09-17 16:48:02,852]-[factory.py|_find_provider_class]-[line|113]-DEBUG   : Provider `faker.providers.isbn` does not feature localization. Specified locale `zh_CN` is not utilized for this provider.
[2021-09-17 16:48:02,852]-[factory.py|_find_provider_class]-[line|94]-DEBUG   : Looking for locale `zh_CN` in provider `faker.providers.job`.
[2021-09-17 16:48:02,856]-[factory.py|_find_provider_class]-[line|106]-DEBUG   : Provider `faker.providers.job` has been localized to `zh_CN`.
[2021-09-17 16:48:02,857]-[factory.py|_find_provider_class]-[line|94]-DEBUG   : Looking for locale `zh_CN` in provider `faker.providers.lorem`.
[2021-09-17 16:48:02,859]-[factory.py|_find_provider_class]-[line|106]-DEBUG   : Provider `faker.providers.lorem` has been localized to `zh_CN`.
[2021-09-17 16:48:02,860]-[factory.py|_find_provider_class]-[line|94]-DEBUG   : Looking for locale `zh_CN` in provider `faker.providers.misc`.
[2021-09-17 16:48:02,861]-[factory.py|_find_provider_class]-[line|101]-DEBUG   : Specified locale `zh_CN` is not available for provider `faker.providers.misc`. Locale reset to `en_US` for this provider.
[2021-09-17 16:48:02,862]-[factory.py|_find_provider_class]-[line|94]-DEBUG   : Looking for locale `zh_CN` in provider `faker.providers.person`.
[2021-09-17 16:48:02,870]-[factory.py|_find_provider_class]-[line|106]-DEBUG   : Provider `faker.providers.person` has been localized to `zh_CN`.
[2021-09-17 16:48:02,871]-[factory.py|_find_provider_class]-[line|94]-DEBUG   : Looking for locale `zh_CN` in provider `faker.providers.phone_number`.
[2021-09-17 16:48:02,879]-[factory.py|_find_provider_class]-[line|106]-DEBUG   : Provider `faker.providers.phone_number` has been localized to `zh_CN`.
[2021-09-17 16:48:02,879]-[factory.py|_find_provider_class]-[line|113]-DEBUG   : Provider `faker.providers.profile` does not feature localization. Specified locale `zh_CN` is not utilized for this provider.
[2021-09-17 16:48:02,879]-[factory.py|_find_provider_class]-[line|113]-DEBUG   : Provider `faker.providers.python` does not feature localization. Specified locale `zh_CN` is not utilized for this provider.
[2021-09-17 16:48:02,880]-[factory.py|_find_provider_class]-[line|94]-DEBUG   : Looking for locale `zh_CN` in provider `faker.providers.ssn`.
[2021-09-17 16:48:02,886]-[factory.py|_find_provider_class]-[line|106]-DEBUG   : Provider `faker.providers.ssn` has been localized to `zh_CN`.
[2021-09-17 16:48:02,888]-[factory.py|_find_provider_class]-[line|113]-DEBUG   : Provider `faker.providers.user_agent` does not feature localization. Specified locale `zh_CN` is not utilized for this provider.
[2021-09-17 16:48:02,889]-[login.py|__init__]-[line|66]-DEBUG   : 登录环境--->test
[2021-09-17 16:48:02,889]-[sendRequests.py|send_requests]-[line|97]-DEBUG   : 
请求方式: post
请求URL: https://gcgateway-dev.dingyl.com/unify_users/user/get/phone/code
请求data: {"n": {"out_organ_id": "dinge1e0bb139cd52aa335c2f4657eb6378f", "phone": "17205434095", "project_id": "hrm", "notice_title": 120}, "a": {"source": "1"}, "v": {}}
[2021-09-17 16:48:02,892]-[connectionpool.py|_new_conn]-[line|971]-DEBUG   : Starting new HTTPS connection (1): gcgateway-dev.dingyl.com:443
[2021-09-17 16:48:03,272]-[connectionpool.py|_make_request]-[line|452]-DEBUG   : https://gcgateway-dev.dingyl.com:443 "POST /unify_users/user/get/phone/code HTTP/1.1" 200 None
[2021-09-17 16:48:03,276]-[sendRequests.py|send_requests]-[line|112]-DEBUG   : 返回内容--->{'l': {'request_id': 'd24553e8f7104380ad1a9d1a7948e022'}, 'n': {'code_id': '36989c4e3ebb436cba400087309d6714'}, 'r': {'message': '成功', 'result': '1', 'sub_code': '', 'sub_message': ''}}
[2021-09-17 16:48:03,280]-[login.py|is_true]-[line|111]-INFO    : 获取登录验证码成功
[2021-09-17 16:48:03,280]-[sendRequests.py|send_requests]-[line|97]-DEBUG   : 
请求方式: post
请求URL: http://121.40.151.38:9082/unify_users/notice/job/send/message
请求data: None
[2021-09-17 16:48:03,288]-[connectionpool.py|_new_conn]-[line|227]-DEBUG   : Starting new HTTP connection (1): 121.40.151.38:9082
[2021-09-17 16:48:03,412]-[connectionpool.py|_make_request]-[line|452]-DEBUG   : http://121.40.151.38:9082 "POST /unify_users/notice/job/send/message HTTP/1.1" 200 None
[2021-09-17 16:48:03,413]-[sendRequests.py|send_requests]-[line|112]-DEBUG   : 返回内容--->{'l': {'request_id': 'e9567db44c05443aab72e17368e4363d'}, 'r': {'message': '成功', 'result': '1', 'sub_code': '', 'sub_message': ''}}
[2021-09-17 16:48:03,413]-[login.py|is_true]-[line|111]-INFO    : 执行验证码发送任务成功
[2021-09-17 16:48:03,414]-[sendRequests.py|send_requests]-[line|97]-DEBUG   : 
请求方式: post
请求URL: https://gcgateway-dev.dingyl.com/unify_message/notice/message/query
请求data: {"n": {"user_name": "", "user_phone": "17205434095", "message_content": "", "send_type": "295"}, "a": {"source": "1284"}, "v": null, "f": {"indexpage": 1, "repaging": "1", "pagesize": 10}}
[2021-09-17 16:48:03,416]-[connectionpool.py|_new_conn]-[line|971]-DEBUG   : Starting new HTTPS connection (1): gcgateway-dev.dingyl.com:443
[2021-09-17 16:48:03,512]-[connectionpool.py|_make_request]-[line|452]-DEBUG   : https://gcgateway-dev.dingyl.com:443 "POST /unify_message/notice/message/query HTTP/1.1" 200 None
[2021-09-17 16:48:03,513]-[sendRequests.py|send_requests]-[line|112]-DEBUG   : 返回内容--->{'l': {'request_id': '030e45c99b224e42874307b251cd4ca1'}, 'r': {'message': 'session过期', 'result': '2', 'sub_all_message': '', 'sub_code': '', 'sub_message': ''}}
