[2021-09-17 16:51:21,449]-[login.py|__init__]-[line|66]-DEBUG   : 登录环境--->test
[2021-09-17 16:51:21,449]-[login.py|__init__]-[line|24]-DEBUG   : 登录环境--->test
[2021-09-17 16:51:21,450]-[sendRequests.py|send_requests]-[line|97]-DEBUG   : 
请求方式: post
请求URL: https://hrmapitest.dingyl.com/hrm/user/rsa/public/key/query
请求data: {"n": {"user_code": "GC0200074603961341"}, "a": {"source": "1284"}, "v": {}}
[2021-09-17 16:51:21,454]-[connectionpool.py|_new_conn]-[line|971]-DEBUG   : Starting new HTTPS connection (1): hrmapitest.dingyl.com:443
[2021-09-17 16:51:21,571]-[connectionpool.py|_make_request]-[line|452]-DEBUG   : https://hrmapitest.dingyl.com:443 "POST /hrm/user/rsa/public/key/query HTTP/1.1" 200 None
[2021-09-17 16:51:21,575]-[sendRequests.py|send_requests]-[line|112]-DEBUG   : 返回内容--->{'l': {'request_id': 'df498e10b8414f15834d2e5e5a738e34'}, 'n': {'random_key': '02428516'}, 'r': {'message': '成功', 'result': '1', 'sub_code': '', 'sub_message': ''}}
[2021-09-17 16:51:21,578]-[login.py|is_true]-[line|110]-INFO    : 获取登录key成功
[2021-09-17 16:51:21,578]-[sendRequests.py|send_requests]-[line|97]-DEBUG   : 
请求方式: post
请求URL: https://hrmapitest.dingyl.com/hrm/user/login
请求data: {"n": {"user_code": "GC0200074603961341", "user_pwd": "f5cca83e9a5e25dec02de9c1bef5dd0c", "corp_id": "dinge1e0bb139cd52aa335c2f4657eb6378f"}, "a": {"source": "1284"}}
[2021-09-17 16:51:21,585]-[connectionpool.py|_new_conn]-[line|971]-DEBUG   : Starting new HTTPS connection (1): hrmapitest.dingyl.com:443
[2021-09-17 16:51:21,802]-[connectionpool.py|_make_request]-[line|452]-DEBUG   : https://hrmapitest.dingyl.com:443 "POST /hrm/user/login HTTP/1.1" 200 None
[2021-09-17 16:51:21,804]-[sendRequests.py|send_requests]-[line|112]-DEBUG   : 返回内容--->{'l': {'request_id': '43df7c018588434e8d4538b67cc5c056'}, 'n': {'expire_time': '2022-09-30', 'gc_ding_dept_id': [{'key': 'd9abe94d140045788184433f81fe6b92', 'value': '科教科'}], 'is_expire': '0', 'personal_template_id': 'b764a448cd5f48799e2f515ce698c73a', 'position_form_id': 'POSITION_FORM1', 'product_type': '试用套餐', 'require_form_id': 'ZPXQFORM1', 'role_type': '', 'session_id': '9ce4777be72f403ead97efb2300c4dcd', 'user_avatar': 'https://static-legacy.dingtalk.com/media/lADPDgQ9wHhdLP7NA-DNAug_744_992.jpg', 'user_id': 'f3be3fc8357549d0be674469cc6416f8', 'user_name': '白刚3ggg', 'worker_job_form_id': '1221'}, 'r': {'message': '成功', 'result': '1', 'sub_code': '', 'sub_message': ''}}
[2021-09-17 16:51:21,804]-[login.py|is_true]-[line|110]-INFO    : 登录结果成功
[2021-09-17 16:51:21,805]-[sendRequests.py|send_requests]-[line|97]-DEBUG   : 
请求方式: post
请求URL: https://gcgateway-dev.dingyl.com/unify_users/user/get/phone/code
请求data: {"n": {"out_organ_id": "dinge1e0bb139cd52aa335c2f4657eb6378f", "phone": "15103477778", "project_id": "hrm", "notice_title": 120}, "a": {"source": "1"}, "v": {}}
[2021-09-17 16:51:21,808]-[connectionpool.py|_new_conn]-[line|971]-DEBUG   : Starting new HTTPS connection (1): gcgateway-dev.dingyl.com:443
[2021-09-17 16:51:21,994]-[connectionpool.py|_make_request]-[line|452]-DEBUG   : https://gcgateway-dev.dingyl.com:443 "POST /unify_users/user/get/phone/code HTTP/1.1" 200 None
[2021-09-17 16:51:21,997]-[sendRequests.py|send_requests]-[line|112]-DEBUG   : 返回内容--->{'l': {'request_id': '54f5c32902584c49b7e9677046d3d6a2'}, 'n': {'code_id': 'c076aed50f9c44ec82e845660b41ef8d'}, 'r': {'message': '成功', 'result': '1', 'sub_code': '', 'sub_message': ''}}
[2021-09-17 16:51:21,998]-[login.py|is_true]-[line|110]-INFO    : 获取登录验证码成功
[2021-09-17 16:51:21,998]-[sendRequests.py|send_requests]-[line|97]-DEBUG   : 
请求方式: post
请求URL: http://121.40.151.38:9082/unify_users/notice/job/send/message
请求data: None
[2021-09-17 16:51:22,003]-[connectionpool.py|_new_conn]-[line|227]-DEBUG   : Starting new HTTP connection (1): 121.40.151.38:9082
[2021-09-17 16:51:22,116]-[connectionpool.py|_make_request]-[line|452]-DEBUG   : http://121.40.151.38:9082 "POST /unify_users/notice/job/send/message HTTP/1.1" 200 None
[2021-09-17 16:51:22,118]-[sendRequests.py|send_requests]-[line|112]-DEBUG   : 返回内容--->{'l': {'request_id': 'a114458e38844df4bbb62db7cc3fb3cb'}, 'r': {'message': '成功', 'result': '1', 'sub_code': '', 'sub_message': ''}}
[2021-09-17 16:51:22,118]-[login.py|is_true]-[line|110]-INFO    : 执行验证码发送任务成功
[2021-09-17 16:51:22,119]-[sendRequests.py|send_requests]-[line|97]-DEBUG   : 
请求方式: post
请求URL: https://gcgateway-dev.dingyl.com/unify_message/notice/message/query
请求data: {"n": {"user_name": "", "user_phone": "15103477778", "message_content": "", "send_type": "295"}, "a": {"source": "1284"}, "v": {"session_id": "9ce4777be72f403ead97efb2300c4dcd"}, "f": {"indexpage": 1, "repaging": "1", "pagesize": 10}}
[2021-09-17 16:51:22,127]-[connectionpool.py|_new_conn]-[line|971]-DEBUG   : Starting new HTTPS connection (1): gcgateway-dev.dingyl.com:443
[2021-09-17 16:51:22,341]-[connectionpool.py|_make_request]-[line|452]-DEBUG   : https://gcgateway-dev.dingyl.com:443 "POST /unify_message/notice/message/query HTTP/1.1" 200 None
[2021-09-17 16:51:22,344]-[sendRequests.py|send_requests]-[line|112]-DEBUG   : 返回内容--->{'f': {'indexpage': '1', 'pagecount': '11', 'pagesize': '10', 'repaging': '0', 'total': '108'}, 'l': {'request_id': '0e581f813e37416899d54a8555e5327c'}, 'n': [{'confirm_status': '1360', 'confirm_status_remark': '已发送', 'create_time': '2021-09-17 16:51:21', 'create_time_simple': '2021-09-17', 'message_content': '【医院人资平台】验证码：743378。5分钟内有效。', 'message_result': '838', 'message_result_remark': '已发送', 'message_type': '295', 'message_type_remark': '短信', 'notice_template_business_type': '120', 'notice_template_business_type_remark': '验证码登录', 'user_phone': '15103477778'}, {'confirm_status': '1360', 'confirm_status_remark': '已发送', 'create_time': '2021-09-17 16:50:42', 'create_time_simple': '2021-09-17', 'message_content': '【医院人资平台】验证码：814126。5分钟内有效。', 'message_result': '838', 'message_result_remark': '已发送', 'message_type': '295', 'message_type_remark': '短信', 'notice_template_business_type': '120', 'notice_template_business_type_remark': '验证码登录', 'user_phone': '15103477778'}, {'confirm_status': '1360', 'confirm_status_remark': '已发送', 'create_time': '2021-09-17 16:50:29', 'create_time_simple': '2021-09-17', 'message_content': '【医院人资平台】验证码：363186。5分钟内有效。', 'message_result': '838', 'message_result_remark': '已发送', 'message_type': '295', 'message_type_remark': '短信', 'notice_template_business_type': '120', 'notice_template_business_type_remark': '验证码登录', 'user_phone': '15103477778'}, {'confirm_status': '1360', 'confirm_status_remark': '已发送', 'create_time': '2021-09-17 16:49:14', 'create_time_simple': '2021-09-17', 'message_content': '【医院人资平台】验证码：188904。5分钟内有效。', 'message_result': '838', 'message_result_remark': '已发送', 'message_type': '295', 'message_type_remark': '短信', 'notice_template_business_type': '120', 'notice_template_business_type_remark': '验证码登录', 'user_phone': '15103477778'}, {'confirm_status': '1360', 'confirm_status_remark': '已发送', 'create_time': '2021-09-17 16:49:05', 'create_time_simple': '2021-09-17', 'message_content': '【医院人资平台】验证码：126784。5分钟内有效。', 'message_result': '838', 'message_result_remark': '已发送', 'message_type': '295', 'message_type_remark': '短信', 'notice_template_business_type': '120', 'notice_template_business_type_remark': '验证码登录', 'user_phone': '15103477778'}, {'confirm_status': '1360', 'confirm_status_remark': '已发送', 'create_time': '2021-09-17 16:32:34', 'create_time_simple': '2021-09-17', 'message_content': '【医院人资平台】验证码：976349。5分钟内有效。', 'message_result': '838', 'message_result_remark': '已发送', 'message_type': '295', 'message_type_remark': '短信', 'notice_template_business_type': '120', 'notice_template_business_type_remark': '验证码登录', 'user_phone': '15103477778'}, {'confirm_status': '1360', 'confirm_status_remark': '已发送', 'create_time': '2021-09-17 16:10:16', 'create_time_simple': '2021-09-17', 'message_content': '【医院人资平台】验证码：063524。5分钟内有效。', 'message_result': '838', 'message_result_remark': '已发送', 'message_type': '295', 'message_type_remark': '短信', 'notice_template_business_type': '120', 'notice_template_business_type_remark': '验证码登录', 'user_phone': '15103477778'}, {'confirm_status': '1360', 'confirm_status_remark': '已发送', 'create_time': '2021-09-17 15:16:25', 'create_time_simple': '2021-09-17', 'message_content': '【医院人资平台】验证码：633880。5分钟内有效。', 'message_result': '838', 'message_result_remark': '已发送', 'message_type': '295', 'message_type_remark': '短信', 'notice_template_business_type': '120', 'notice_template_business_type_remark': '验证码登录', 'user_phone': '15103477778'}, {'confirm_status': '1360', 'confirm_status_remark': '已发送', 'create_time': '2021-09-08 10:37:57', 'create_time_simple': '2021-09-08', 'message_content': '【医院人资平台】验证码：428022。5分钟内有效。', 'message_result': '838', 'message_result_remark': '已发送', 'message_type': '295', 'message_type_remark': '短信', 'notice_template_business_type': '120', 'notice_template_business_type_remark': '验证码登录', 'user_phone': '15103477778'}, {'confirm_status': '1360', 'confirm_status_remark': '已发送', 'create_time': '2021-09-08 10:20:51', 'create_time_simple': '2021-09-08', 'message_content': '【医院人资平台】验证码：177351。5分钟内有效。', 'message_result': '838', 'message_result_remark': '已发送', 'message_type': '295', 'message_type_remark': '短信', 'notice_template_business_type': '120', 'notice_template_business_type_remark': '验证码登录', 'user_phone': '15103477778'}], 'r': {'message': '成功', 'result': '1', 'sub_code': '', 'sub_message': ''}}
[2021-09-17 16:51:22,346]-[sendRequests.py|send_requests]-[line|97]-DEBUG   : 
请求方式: post
请求URL: https://hrmapitest.dingyl.com/hrm/user/check/phone/code
请求data: {"a": {"source": "1"}, "n": {"corp_id": "dinge1e0bb139cd52aa335c2f4657eb6378f", "code_id": "c076aed50f9c44ec82e845660b41ef8d", "code_number": "743378", "phone": "15103477778"}, "v": {}}
[2021-09-17 16:51:22,350]-[connectionpool.py|_new_conn]-[line|971]-DEBUG   : Starting new HTTPS connection (1): hrmapitest.dingyl.com:443
[2021-09-17 16:51:22,535]-[connectionpool.py|_make_request]-[line|452]-DEBUG   : https://hrmapitest.dingyl.com:443 "POST /hrm/user/check/phone/code HTTP/1.1" 200 None
[2021-09-17 16:51:22,536]-[sendRequests.py|send_requests]-[line|112]-DEBUG   : 返回内容--->{'l': {'request_id': '22ff57b806c44e0580745a4eb5aa407e'}, 'n': {'out_organ_id': 'dinge1e0bb139cd52aa335c2f4657eb6378f', 'personal_template_id': 'b764a448cd5f48799e2f515ce698c73a', 'project_id': 'hrm', 'require_form_id': 'ZPXQFORM1', 'role_id': '20210508Add8', 'role_type': '', 'session_id': 'a4b8940202114121923b0098605d4011', 'user_code': '15103477778', 'user_id': 'fdfc13c64cfc45cb97918168614f925b', 'user_name': '151****7778', 'user_phone': '15103477778', 'user_type': '1040', 'worker_job_form_id': '1221'}, 'r': {'message': '成功', 'result': '1', 'sub_code': '', 'sub_message': ''}}
[2021-09-17 16:51:22,537]-[login.py|is_true]-[line|110]-INFO    : 用户登录结果成功
