[2021-09-17 16:31:20,351]-[factory.py|_find_provider_class]-[line|94]-DEBUG   : Looking for locale `zh_CN` in provider `faker.providers.address`.
[2021-09-17 16:31:20,358]-[factory.py|_find_provider_class]-[line|106]-DEBUG   : Provider `faker.providers.address` has been localized to `zh_CN`.
[2021-09-17 16:31:20,359]-[factory.py|_find_provider_class]-[line|94]-DEBUG   : Looking for locale `zh_CN` in provider `faker.providers.automotive`.
[2021-09-17 16:31:20,363]-[factory.py|_find_provider_class]-[line|101]-DEBUG   : Specified locale `zh_CN` is not available for provider `faker.providers.automotive`. Locale reset to `en_US` for this provider.
[2021-09-17 16:31:20,364]-[factory.py|_find_provider_class]-[line|94]-DEBUG   : Looking for locale `zh_CN` in provider `faker.providers.bank`.
[2021-09-17 16:31:20,368]-[factory.py|_find_provider_class]-[line|101]-DEBUG   : Specified locale `zh_CN` is not available for provider `faker.providers.bank`. Locale reset to `en_GB` for this provider.
[2021-09-17 16:31:20,368]-[factory.py|_find_provider_class]-[line|94]-DEBUG   : Looking for locale `zh_CN` in provider `faker.providers.barcode`.
[2021-09-17 16:31:20,369]-[factory.py|_find_provider_class]-[line|101]-DEBUG   : Specified locale `zh_CN` is not available for provider `faker.providers.barcode`. Locale reset to `en_US` for this provider.
[2021-09-17 16:31:20,371]-[factory.py|_find_provider_class]-[line|94]-DEBUG   : Looking for locale `zh_CN` in provider `faker.providers.color`.
[2021-09-17 16:31:20,373]-[factory.py|_find_provider_class]-[line|101]-DEBUG   : Specified locale `zh_CN` is not available for provider `faker.providers.color`. Locale reset to `en_US` for this provider.
[2021-09-17 16:31:20,374]-[factory.py|_find_provider_class]-[line|94]-DEBUG   : Looking for locale `zh_CN` in provider `faker.providers.company`.
[2021-09-17 16:31:20,378]-[factory.py|_find_provider_class]-[line|106]-DEBUG   : Provider `faker.providers.company` has been localized to `zh_CN`.
[2021-09-17 16:31:20,379]-[factory.py|_find_provider_class]-[line|94]-DEBUG   : Looking for locale `zh_CN` in provider `faker.providers.credit_card`.
[2021-09-17 16:31:20,380]-[factory.py|_find_provider_class]-[line|101]-DEBUG   : Specified locale `zh_CN` is not available for provider `faker.providers.credit_card`. Locale reset to `en_US` for this provider.
[2021-09-17 16:31:20,381]-[factory.py|_find_provider_class]-[line|94]-DEBUG   : Looking for locale `zh_CN` in provider `faker.providers.currency`.
[2021-09-17 16:31:20,383]-[factory.py|_find_provider_class]-[line|101]-DEBUG   : Specified locale `zh_CN` is not available for provider `faker.providers.currency`. Locale reset to `en_US` for this provider.
[2021-09-17 16:31:20,384]-[factory.py|_find_provider_class]-[line|94]-DEBUG   : Looking for locale `zh_CN` in provider `faker.providers.date_time`.
[2021-09-17 16:31:20,388]-[factory.py|_find_provider_class]-[line|101]-DEBUG   : Specified locale `zh_CN` is not available for provider `faker.providers.date_time`. Locale reset to `en_US` for this provider.
[2021-09-17 16:31:20,389]-[factory.py|_find_provider_class]-[line|113]-DEBUG   : Provider `faker.providers.file` does not feature localization. Specified locale `zh_CN` is not utilized for this provider.
[2021-09-17 16:31:20,389]-[factory.py|_find_provider_class]-[line|94]-DEBUG   : Looking for locale `zh_CN` in provider `faker.providers.geo`.
[2021-09-17 16:31:20,390]-[factory.py|_find_provider_class]-[line|101]-DEBUG   : Specified locale `zh_CN` is not available for provider `faker.providers.geo`. Locale reset to `en_US` for this provider.
[2021-09-17 16:31:20,391]-[factory.py|_find_provider_class]-[line|94]-DEBUG   : Looking for locale `zh_CN` in provider `faker.providers.internet`.
[2021-09-17 16:31:20,396]-[factory.py|_find_provider_class]-[line|106]-DEBUG   : Provider `faker.providers.internet` has been localized to `zh_CN`.
[2021-09-17 16:31:20,397]-[factory.py|_find_provider_class]-[line|113]-DEBUG   : Provider `faker.providers.isbn` does not feature localization. Specified locale `zh_CN` is not utilized for this provider.
[2021-09-17 16:31:20,397]-[factory.py|_find_provider_class]-[line|94]-DEBUG   : Looking for locale `zh_CN` in provider `faker.providers.job`.
[2021-09-17 16:31:20,401]-[factory.py|_find_provider_class]-[line|106]-DEBUG   : Provider `faker.providers.job` has been localized to `zh_CN`.
[2021-09-17 16:31:20,402]-[factory.py|_find_provider_class]-[line|94]-DEBUG   : Looking for locale `zh_CN` in provider `faker.providers.lorem`.
[2021-09-17 16:31:20,405]-[factory.py|_find_provider_class]-[line|106]-DEBUG   : Provider `faker.providers.lorem` has been localized to `zh_CN`.
[2021-09-17 16:31:20,405]-[factory.py|_find_provider_class]-[line|94]-DEBUG   : Looking for locale `zh_CN` in provider `faker.providers.misc`.
[2021-09-17 16:31:20,406]-[factory.py|_find_provider_class]-[line|101]-DEBUG   : Specified locale `zh_CN` is not available for provider `faker.providers.misc`. Locale reset to `en_US` for this provider.
[2021-09-17 16:31:20,407]-[factory.py|_find_provider_class]-[line|94]-DEBUG   : Looking for locale `zh_CN` in provider `faker.providers.person`.
[2021-09-17 16:31:20,415]-[factory.py|_find_provider_class]-[line|106]-DEBUG   : Provider `faker.providers.person` has been localized to `zh_CN`.
[2021-09-17 16:31:20,416]-[factory.py|_find_provider_class]-[line|94]-DEBUG   : Looking for locale `zh_CN` in provider `faker.providers.phone_number`.
[2021-09-17 16:31:20,423]-[factory.py|_find_provider_class]-[line|106]-DEBUG   : Provider `faker.providers.phone_number` has been localized to `zh_CN`.
[2021-09-17 16:31:20,424]-[factory.py|_find_provider_class]-[line|113]-DEBUG   : Provider `faker.providers.profile` does not feature localization. Specified locale `zh_CN` is not utilized for this provider.
[2021-09-17 16:31:20,424]-[factory.py|_find_provider_class]-[line|113]-DEBUG   : Provider `faker.providers.python` does not feature localization. Specified locale `zh_CN` is not utilized for this provider.
[2021-09-17 16:31:20,425]-[factory.py|_find_provider_class]-[line|94]-DEBUG   : Looking for locale `zh_CN` in provider `faker.providers.ssn`.
[2021-09-17 16:31:20,432]-[factory.py|_find_provider_class]-[line|106]-DEBUG   : Provider `faker.providers.ssn` has been localized to `zh_CN`.
[2021-09-17 16:31:20,433]-[factory.py|_find_provider_class]-[line|113]-DEBUG   : Provider `faker.providers.user_agent` does not feature localization. Specified locale `zh_CN` is not utilized for this provider.
[2021-09-17 16:31:20,434]-[login.py|__init__]-[line|67]-DEBUG   : 登录环境--->test
[2021-09-17 16:31:20,434]-[sendRequests.py|send_requests]-[line|97]-DEBUG   : 
请求方式: post
请求URL: https://gcgateway-dev.dingyl.com/unify_users/user/get/phone/code
请求data: {"n": {"out_organ_id": "dinge1e0bb139cd52aa335c2f4657eb6378f", "phone": "17205434095", "project_id": "hrm", "notice_title": 120}, "a": {"source": "1"}, "v": {}}
[2021-09-17 16:31:20,437]-[connectionpool.py|_new_conn]-[line|971]-DEBUG   : Starting new HTTPS connection (1): gcgateway-dev.dingyl.com:443
[2021-09-17 16:31:20,637]-[connectionpool.py|_make_request]-[line|452]-DEBUG   : https://gcgateway-dev.dingyl.com:443 "POST /unify_users/user/get/phone/code HTTP/1.1" 200 None
[2021-09-17 16:31:20,641]-[sendRequests.py|send_requests]-[line|112]-DEBUG   : 返回内容--->{'l': {'request_id': 'bd2648326b9149b3b60747c446062999'}, 'n': {'code_id': 'd4f2cf181d6c4f99bee7a240073419a1'}, 'r': {'message': '成功', 'result': '1', 'sub_code': '', 'sub_message': ''}}
[2021-09-17 16:31:20,644]-[login.py|is_true]-[line|109]-INFO    : 获取登录验证码成功
[2021-09-17 16:31:20,645]-[sendRequests.py|send_requests]-[line|97]-DEBUG   : 
请求方式: post
请求URL: http://121.40.151.38:9082/unify_users/notice/job/send/message
请求data: None
[2021-09-17 16:31:20,653]-[connectionpool.py|_new_conn]-[line|227]-DEBUG   : Starting new HTTP connection (1): 121.40.151.38:9082
[2021-09-17 16:31:20,786]-[connectionpool.py|_make_request]-[line|452]-DEBUG   : http://121.40.151.38:9082 "POST /unify_users/notice/job/send/message HTTP/1.1" 200 None
[2021-09-17 16:31:20,789]-[sendRequests.py|send_requests]-[line|112]-DEBUG   : 返回内容--->{'l': {'request_id': 'da191d0c96364afa8b41a9ddc3df70a7'}, 'r': {'message': '成功', 'result': '1', 'sub_code': '', 'sub_message': ''}}
[2021-09-17 16:31:20,790]-[login.py|is_true]-[line|109]-INFO    : 执行验证码发送任务成功
[2021-09-17 16:31:20,790]-[sendRequests.py|send_requests]-[line|97]-DEBUG   : 
请求方式: post
请求URL: https://gcgateway-dev.dingyl.com/unify_message/notice/message/query
请求data: {"n": {"user_name": "", "user_phone": "17205434095", "message_content": "", "send_type": "295"}, "a": {"source": "1284"}, "v": {}, "f": {"indexpage": 1, "repaging": "1", "pagesize": 10}}
[2021-09-17 16:31:20,798]-[connectionpool.py|_new_conn]-[line|971]-DEBUG   : Starting new HTTPS connection (1): gcgateway-dev.dingyl.com:443
[2021-09-17 16:31:20,909]-[connectionpool.py|_make_request]-[line|452]-DEBUG   : https://gcgateway-dev.dingyl.com:443 "POST /unify_message/notice/message/query HTTP/1.1" 200 None
[2021-09-17 16:31:20,912]-[sendRequests.py|send_requests]-[line|112]-DEBUG   : 返回内容--->{'l': {'request_id': 'bdce3677556d4df39fab59570f438947'}, 'r': {'message': 'session过期', 'result': '2', 'sub_all_message': '', 'sub_code': '', 'sub_message': ''}}
