[2021-09-17 16:32:34,995]-[login.py|__init__]-[line|25]-DEBUG   : 登录环境--->test
[2021-09-17 16:32:34,995]-[sendRequests.py|send_requests]-[line|97]-DEBUG   : 
请求方式: post
请求URL: https://hrmapitest.dingyl.com/hrm/user/rsa/public/key/query
请求data: {"n": {"user_code": "GC0200074603961341"}, "a": {"source": "1284"}, "v": {}}
[2021-09-17 16:32:34,999]-[connectionpool.py|_new_conn]-[line|971]-DEBUG   : Starting new HTTPS connection (1): hrmapitest.dingyl.com:443
[2021-09-17 16:32:35,200]-[connectionpool.py|_make_request]-[line|452]-DEBUG   : https://hrmapitest.dingyl.com:443 "POST /hrm/user/rsa/public/key/query HTTP/1.1" 200 None
[2021-09-17 16:32:35,205]-[sendRequests.py|send_requests]-[line|112]-DEBUG   : 返回内容--->{'l': {'request_id': 'ef1805fb225f4092bd26d4993a100b51'}, 'n': {'random_key': '53453216'}, 'r': {'message': '成功', 'result': '1', 'sub_code': '', 'sub_message': ''}}
[2021-09-17 16:32:35,208]-[login.py|is_true]-[line|109]-INFO    : 获取登录key成功
[2021-09-17 16:32:35,209]-[sendRequests.py|send_requests]-[line|97]-DEBUG   : 
请求方式: post
请求URL: https://hrmapitest.dingyl.com/hrm/user/login
请求data: {"n": {"user_code": "GC0200074603961341", "user_pwd": "1211510cb7f3f760fd5591ec86e81462", "corp_id": "dinge1e0bb139cd52aa335c2f4657eb6378f"}, "a": {"source": "1284"}}
[2021-09-17 16:32:35,217]-[connectionpool.py|_new_conn]-[line|971]-DEBUG   : Starting new HTTPS connection (1): hrmapitest.dingyl.com:443
[2021-09-17 16:32:35,425]-[connectionpool.py|_make_request]-[line|452]-DEBUG   : https://hrmapitest.dingyl.com:443 "POST /hrm/user/login HTTP/1.1" 200 None
[2021-09-17 16:32:35,429]-[sendRequests.py|send_requests]-[line|112]-DEBUG   : 返回内容--->{'l': {'request_id': '662f24ea3bc546878e476704ddbed65b'}, 'n': {'expire_time': '2022-09-30', 'gc_ding_dept_id': [{'key': 'd9abe94d140045788184433f81fe6b92', 'value': '科教科'}], 'is_expire': '0', 'personal_template_id': 'b764a448cd5f48799e2f515ce698c73a', 'position_form_id': 'POSITION_FORM1', 'product_type': '试用套餐', 'require_form_id': 'ZPXQFORM1', 'role_type': '', 'session_id': 'e4bb62ad26ee46c0be76e53b5ad7c4c1', 'user_avatar': 'https://static-legacy.dingtalk.com/media/lADPDgQ9wHhdLP7NA-DNAug_744_992.jpg', 'user_id': 'f3be3fc8357549d0be674469cc6416f8', 'user_name': '白刚3ggg', 'worker_job_form_id': '1221'}, 'r': {'message': '成功', 'result': '1', 'sub_code': '', 'sub_message': ''}}
[2021-09-17 16:32:35,431]-[login.py|is_true]-[line|109]-INFO    : 登录结果成功
[2021-09-17 16:32:35,434]-[login.py|__init__]-[line|67]-DEBUG   : 登录环境--->test
[2021-09-17 16:32:35,435]-[sendRequests.py|send_requests]-[line|97]-DEBUG   : 
请求方式: post
请求URL: https://gcgateway-dev.dingyl.com/unify_users/user/get/phone/code
请求data: {"n": {"out_organ_id": "dinge1e0bb139cd52aa335c2f4657eb6378f", "phone": "15103477778", "project_id": "hrm", "notice_title": 120}, "a": {"source": "1"}, "v": {}}
[2021-09-17 16:32:35,443]-[connectionpool.py|_new_conn]-[line|971]-DEBUG   : Starting new HTTPS connection (1): gcgateway-dev.dingyl.com:443
[2021-09-17 16:32:35,680]-[connectionpool.py|_make_request]-[line|452]-DEBUG   : https://gcgateway-dev.dingyl.com:443 "POST /unify_users/user/get/phone/code HTTP/1.1" 200 None
[2021-09-17 16:32:35,682]-[sendRequests.py|send_requests]-[line|112]-DEBUG   : 返回内容--->{'l': {'request_id': 'cac16559222945c6992e62bcc9bf2d59'}, 'n': {'code_id': '95be08608a594022997b5f3d496051f8'}, 'r': {'message': '成功', 'result': '1', 'sub_code': '', 'sub_message': ''}}
[2021-09-17 16:32:35,683]-[login.py|is_true]-[line|109]-INFO    : 获取登录验证码成功
[2021-09-17 16:32:35,683]-[sendRequests.py|send_requests]-[line|97]-DEBUG   : 
请求方式: post
请求URL: http://121.40.151.38:9082/unify_users/notice/job/send/message
请求data: None
[2021-09-17 16:32:35,686]-[connectionpool.py|_new_conn]-[line|227]-DEBUG   : Starting new HTTP connection (1): 121.40.151.38:9082
[2021-09-17 16:32:35,798]-[connectionpool.py|_make_request]-[line|452]-DEBUG   : http://121.40.151.38:9082 "POST /unify_users/notice/job/send/message HTTP/1.1" 200 None
[2021-09-17 16:32:35,800]-[sendRequests.py|send_requests]-[line|112]-DEBUG   : 返回内容--->{'l': {'request_id': '6abcf19e2b32419a8292e4542cdfb356'}, 'r': {'message': '成功', 'result': '1', 'sub_code': '', 'sub_message': ''}}
[2021-09-17 16:32:35,801]-[login.py|is_true]-[line|109]-INFO    : 执行验证码发送任务成功
[2021-09-17 16:32:35,801]-[sendRequests.py|send_requests]-[line|97]-DEBUG   : 
请求方式: post
请求URL: https://gcgateway-dev.dingyl.com/unify_message/notice/message/query
请求data: {"n": {"user_name": "", "user_phone": "15103477778", "message_content": "", "send_type": "295"}, "a": {"source": "1284"}, "v": {"session_id": "e4bb62ad26ee46c0be76e53b5ad7c4c1"}, "f": {"indexpage": 1, "repaging": "1", "pagesize": 10}}
[2021-09-17 16:32:35,809]-[connectionpool.py|_new_conn]-[line|971]-DEBUG   : Starting new HTTPS connection (1): gcgateway-dev.dingyl.com:443
[2021-09-17 16:32:36,244]-[connectionpool.py|_make_request]-[line|452]-DEBUG   : https://gcgateway-dev.dingyl.com:443 "POST /unify_message/notice/message/query HTTP/1.1" 200 None
[2021-09-17 16:32:36,249]-[sendRequests.py|send_requests]-[line|112]-DEBUG   : 返回内容--->{'f': {'indexpage': '1', 'pagecount': '11', 'pagesize': '10', 'repaging': '0', 'total': '103'}, 'l': {'request_id': '4d3007513ca44557b3977b42b7dca863'}, 'n': [{'confirm_status': '1360', 'confirm_status_remark': '已发送', 'create_time': '2021-09-17 16:32:34', 'create_time_simple': '2021-09-17', 'message_content': '【医院人资平台】验证码：976349。5分钟内有效。', 'message_result': '838', 'message_result_remark': '已发送', 'message_type': '295', 'message_type_remark': '短信', 'notice_template_business_type': '120', 'notice_template_business_type_remark': '验证码登录', 'user_phone': '15103477778'}, {'confirm_status': '1360', 'confirm_status_remark': '已发送', 'create_time': '2021-09-17 16:10:16', 'create_time_simple': '2021-09-17', 'message_content': '【医院人资平台】验证码：063524。5分钟内有效。', 'message_result': '838', 'message_result_remark': '已发送', 'message_type': '295', 'message_type_remark': '短信', 'notice_template_business_type': '120', 'notice_template_business_type_remark': '验证码登录', 'user_phone': '15103477778'}, {'confirm_status': '1360', 'confirm_status_remark': '已发送', 'create_time': '2021-09-17 15:16:25', 'create_time_simple': '2021-09-17', 'message_content': '【医院人资平台】验证码：633880。5分钟内有效。', 'message_result': '838', 'message_result_remark': '已发送', 'message_type': '295', 'message_type_remark': '短信', 'notice_template_business_type': '120', 'notice_template_business_type_remark': '验证码登录', 'user_phone': '15103477778'}, {'confirm_status': '1360', 'confirm_status_remark': '已发送', 'create_time': '2021-09-08 10:37:57', 'create_time_simple': '2021-09-08', 'message_content': '【医院人资平台】验证码：428022。5分钟内有效。', 'message_result': '838', 'message_result_remark': '已发送', 'message_type': '295', 'message_type_remark': '短信', 'notice_template_business_type': '120', 'notice_template_business_type_remark': '验证码登录', 'user_phone': '15103477778'}, {'confirm_status': '1360', 'confirm_status_remark': '已发送', 'create_time': '2021-09-08 10:20:51', 'create_time_simple': '2021-09-08', 'message_content': '【医院人资平台】验证码：177351。5分钟内有效。', 'message_result': '838', 'message_result_remark': '已发送', 'message_type': '295', 'message_type_remark': '短信', 'notice_template_business_type': '120', 'notice_template_business_type_remark': '验证码登录', 'user_phone': '15103477778'}, {'confirm_status': '1360', 'confirm_status_remark': '已发送', 'create_time': '2021-09-08 09:14:07', 'create_time_simple': '2021-09-08', 'message_content': '【医院人资平台】验证码：205609。5分钟内有效。', 'message_result': '838', 'message_result_remark': '已发送', 'message_type': '295', 'message_type_remark': '短信', 'notice_template_business_type': '120', 'notice_template_business_type_remark': '验证码登录', 'user_phone': '15103477778'}, {'confirm_status': '1360', 'confirm_status_remark': '已发送', 'create_time': '2021-09-08 09:07:50', 'create_time_simple': '2021-09-08', 'message_content': '【医院人资平台】验证码：107036。5分钟内有效。', 'message_result': '838', 'message_result_remark': '已发送', 'message_type': '295', 'message_type_remark': '短信', 'notice_template_business_type': '120', 'notice_template_business_type_remark': '验证码登录', 'user_phone': '15103477778'}, {'confirm_status': '1360', 'confirm_status_remark': '已发送', 'create_time': '2021-09-07 18:40:00', 'create_time_simple': '2021-09-07', 'message_content': '【医院人资平台】验证码：513636。5分钟内有效。', 'message_result': '838', 'message_result_remark': '已发送', 'message_type': '295', 'message_type_remark': '短信', 'notice_template_business_type': '120', 'notice_template_business_type_remark': '验证码登录', 'user_phone': '15103477778'}, {'confirm_status': '1360', 'confirm_status_remark': '已发送', 'create_time': '2021-09-07 18:35:45', 'create_time_simple': '2021-09-07', 'message_content': '【医院人资平台】验证码：965378。5分钟内有效。', 'message_result': '838', 'message_result_remark': '已发送', 'message_type': '295', 'message_type_remark': '短信', 'notice_template_business_type': '120', 'notice_template_business_type_remark': '验证码登录', 'user_phone': '15103477778'}, {'confirm_status': '1360', 'confirm_status_remark': '已发送', 'create_time': '2021-09-07 18:24:54', 'create_time_simple': '2021-09-07', 'message_content': '【医院人资平台】验证码：982771。5分钟内有效。', 'message_result': '838', 'message_result_remark': '已发送', 'message_type': '295', 'message_type_remark': '短信', 'notice_template_business_type': '120', 'notice_template_business_type_remark': '验证码登录', 'user_phone': '15103477778'}], 'r': {'message': '成功', 'result': '1', 'sub_code': '', 'sub_message': ''}}
[2021-09-17 16:32:36,253]-[sendRequests.py|send_requests]-[line|97]-DEBUG   : 
请求方式: post
请求URL: https://hrmapitest.dingyl.com/hrm/user/check/phone/code
请求data: {"a": {"source": "1"}, "n": {"corp_id": "dinge1e0bb139cd52aa335c2f4657eb6378f", "code_id": "95be08608a594022997b5f3d496051f8", "code_number": "976349", "phone": "15103477778"}, "v": {}}
[2021-09-17 16:32:36,261]-[connectionpool.py|_new_conn]-[line|971]-DEBUG   : Starting new HTTPS connection (1): hrmapitest.dingyl.com:443
[2021-09-17 16:32:36,499]-[connectionpool.py|_make_request]-[line|452]-DEBUG   : https://hrmapitest.dingyl.com:443 "POST /hrm/user/check/phone/code HTTP/1.1" 200 None
[2021-09-17 16:32:36,503]-[sendRequests.py|send_requests]-[line|112]-DEBUG   : 返回内容--->{'l': {'request_id': 'b7eff195c1174248825762f517617748'}, 'n': {'out_organ_id': 'dinge1e0bb139cd52aa335c2f4657eb6378f', 'personal_template_id': 'b764a448cd5f48799e2f515ce698c73a', 'project_id': 'hrm', 'require_form_id': 'ZPXQFORM1', 'role_id': '20210508Add8', 'role_type': '', 'session_id': 'fbc19641c12b40bcb09f37c926865767', 'user_code': '15103477778', 'user_id': 'fdfc13c64cfc45cb97918168614f925b', 'user_name': '151****7778', 'user_phone': '15103477778', 'user_type': '1040', 'worker_job_form_id': '1221'}, 'r': {'message': '成功', 'result': '1', 'sub_code': '', 'sub_message': ''}}
[2021-09-17 16:32:36,504]-[login.py|is_true]-[line|109]-INFO    : 用户登录结果成功
