[2021-09-17 16:39:40,725]-[factory.py|_find_provider_class]-[line|94]-DEBUG   : Looking for locale `zh_CN` in provider `faker.providers.address`.
[2021-09-17 16:39:40,733]-[factory.py|_find_provider_class]-[line|106]-DEBUG   : Provider `faker.providers.address` has been localized to `zh_CN`.
[2021-09-17 16:39:40,734]-[factory.py|_find_provider_class]-[line|94]-DEBUG   : Looking for locale `zh_CN` in provider `faker.providers.automotive`.
[2021-09-17 16:39:40,737]-[factory.py|_find_provider_class]-[line|101]-DEBUG   : Specified locale `zh_CN` is not available for provider `faker.providers.automotive`. Locale reset to `en_US` for this provider.
[2021-09-17 16:39:40,738]-[factory.py|_find_provider_class]-[line|94]-DEBUG   : Looking for locale `zh_CN` in provider `faker.providers.bank`.
[2021-09-17 16:39:40,742]-[factory.py|_find_provider_class]-[line|101]-DEBUG   : Specified locale `zh_CN` is not available for provider `faker.providers.bank`. Locale reset to `en_GB` for this provider.
[2021-09-17 16:39:40,742]-[factory.py|_find_provider_class]-[line|94]-DEBUG   : Looking for locale `zh_CN` in provider `faker.providers.barcode`.
[2021-09-17 16:39:40,743]-[factory.py|_find_provider_class]-[line|101]-DEBUG   : Specified locale `zh_CN` is not available for provider `faker.providers.barcode`. Locale reset to `en_US` for this provider.
[2021-09-17 16:39:40,745]-[factory.py|_find_provider_class]-[line|94]-DEBUG   : Looking for locale `zh_CN` in provider `faker.providers.color`.
[2021-09-17 16:39:40,747]-[factory.py|_find_provider_class]-[line|101]-DEBUG   : Specified locale `zh_CN` is not available for provider `faker.providers.color`. Locale reset to `en_US` for this provider.
[2021-09-17 16:39:40,748]-[factory.py|_find_provider_class]-[line|94]-DEBUG   : Looking for locale `zh_CN` in provider `faker.providers.company`.
[2021-09-17 16:39:40,752]-[factory.py|_find_provider_class]-[line|106]-DEBUG   : Provider `faker.providers.company` has been localized to `zh_CN`.
[2021-09-17 16:39:40,753]-[factory.py|_find_provider_class]-[line|94]-DEBUG   : Looking for locale `zh_CN` in provider `faker.providers.credit_card`.
[2021-09-17 16:39:40,754]-[factory.py|_find_provider_class]-[line|101]-DEBUG   : Specified locale `zh_CN` is not available for provider `faker.providers.credit_card`. Locale reset to `en_US` for this provider.
[2021-09-17 16:39:40,754]-[factory.py|_find_provider_class]-[line|94]-DEBUG   : Looking for locale `zh_CN` in provider `faker.providers.currency`.
[2021-09-17 16:39:40,757]-[factory.py|_find_provider_class]-[line|101]-DEBUG   : Specified locale `zh_CN` is not available for provider `faker.providers.currency`. Locale reset to `en_US` for this provider.
[2021-09-17 16:39:40,758]-[factory.py|_find_provider_class]-[line|94]-DEBUG   : Looking for locale `zh_CN` in provider `faker.providers.date_time`.
[2021-09-17 16:39:40,762]-[factory.py|_find_provider_class]-[line|101]-DEBUG   : Specified locale `zh_CN` is not available for provider `faker.providers.date_time`. Locale reset to `en_US` for this provider.
[2021-09-17 16:39:40,763]-[factory.py|_find_provider_class]-[line|113]-DEBUG   : Provider `faker.providers.file` does not feature localization. Specified locale `zh_CN` is not utilized for this provider.
[2021-09-17 16:39:40,763]-[factory.py|_find_provider_class]-[line|94]-DEBUG   : Looking for locale `zh_CN` in provider `faker.providers.geo`.
[2021-09-17 16:39:40,765]-[factory.py|_find_provider_class]-[line|101]-DEBUG   : Specified locale `zh_CN` is not available for provider `faker.providers.geo`. Locale reset to `en_US` for this provider.
[2021-09-17 16:39:40,765]-[factory.py|_find_provider_class]-[line|94]-DEBUG   : Looking for locale `zh_CN` in provider `faker.providers.internet`.
[2021-09-17 16:39:40,771]-[factory.py|_find_provider_class]-[line|106]-DEBUG   : Provider `faker.providers.internet` has been localized to `zh_CN`.
[2021-09-17 16:39:40,772]-[factory.py|_find_provider_class]-[line|113]-DEBUG   : Provider `faker.providers.isbn` does not feature localization. Specified locale `zh_CN` is not utilized for this provider.
[2021-09-17 16:39:40,773]-[factory.py|_find_provider_class]-[line|94]-DEBUG   : Looking for locale `zh_CN` in provider `faker.providers.job`.
[2021-09-17 16:39:40,776]-[factory.py|_find_provider_class]-[line|106]-DEBUG   : Provider `faker.providers.job` has been localized to `zh_CN`.
[2021-09-17 16:39:40,778]-[factory.py|_find_provider_class]-[line|94]-DEBUG   : Looking for locale `zh_CN` in provider `faker.providers.lorem`.
[2021-09-17 16:39:40,780]-[factory.py|_find_provider_class]-[line|106]-DEBUG   : Provider `faker.providers.lorem` has been localized to `zh_CN`.
[2021-09-17 16:39:40,782]-[factory.py|_find_provider_class]-[line|94]-DEBUG   : Looking for locale `zh_CN` in provider `faker.providers.misc`.
[2021-09-17 16:39:40,782]-[factory.py|_find_provider_class]-[line|101]-DEBUG   : Specified locale `zh_CN` is not available for provider `faker.providers.misc`. Locale reset to `en_US` for this provider.
[2021-09-17 16:39:40,783]-[factory.py|_find_provider_class]-[line|94]-DEBUG   : Looking for locale `zh_CN` in provider `faker.providers.person`.
[2021-09-17 16:39:40,791]-[factory.py|_find_provider_class]-[line|106]-DEBUG   : Provider `faker.providers.person` has been localized to `zh_CN`.
[2021-09-17 16:39:40,792]-[factory.py|_find_provider_class]-[line|94]-DEBUG   : Looking for locale `zh_CN` in provider `faker.providers.phone_number`.
[2021-09-17 16:39:40,800]-[factory.py|_find_provider_class]-[line|106]-DEBUG   : Provider `faker.providers.phone_number` has been localized to `zh_CN`.
[2021-09-17 16:39:40,801]-[factory.py|_find_provider_class]-[line|113]-DEBUG   : Provider `faker.providers.profile` does not feature localization. Specified locale `zh_CN` is not utilized for this provider.
[2021-09-17 16:39:40,801]-[factory.py|_find_provider_class]-[line|113]-DEBUG   : Provider `faker.providers.python` does not feature localization. Specified locale `zh_CN` is not utilized for this provider.
[2021-09-17 16:39:40,801]-[factory.py|_find_provider_class]-[line|94]-DEBUG   : Looking for locale `zh_CN` in provider `faker.providers.ssn`.
[2021-09-17 16:39:40,808]-[factory.py|_find_provider_class]-[line|106]-DEBUG   : Provider `faker.providers.ssn` has been localized to `zh_CN`.
[2021-09-17 16:39:40,810]-[factory.py|_find_provider_class]-[line|113]-DEBUG   : Provider `faker.providers.user_agent` does not feature localization. Specified locale `zh_CN` is not utilized for this provider.
[2021-09-17 16:39:40,810]-[login.py|__init__]-[line|67]-DEBUG   : 登录环境--->test
[2021-09-17 16:39:40,810]-[sendRequests.py|send_requests]-[line|97]-DEBUG   : 
请求方式: post
请求URL: https://gcgateway-dev.dingyl.com/unify_users/user/get/phone/code
请求data: {"n": {"out_organ_id": "dinge1e0bb139cd52aa335c2f4657eb6378f", "phone": "17205434095", "project_id": "hrm", "notice_title": 120}, "a": {"source": "1"}, "v": {}}
[2021-09-17 16:39:40,814]-[connectionpool.py|_new_conn]-[line|971]-DEBUG   : Starting new HTTPS connection (1): gcgateway-dev.dingyl.com:443
[2021-09-17 16:39:41,007]-[connectionpool.py|_make_request]-[line|452]-DEBUG   : https://gcgateway-dev.dingyl.com:443 "POST /unify_users/user/get/phone/code HTTP/1.1" 200 None
[2021-09-17 16:39:41,011]-[sendRequests.py|send_requests]-[line|112]-DEBUG   : 返回内容--->{'l': {'request_id': '536bcf948ead4d4a9bce4bc3ad38b42d'}, 'n': {'code_id': 'd943b23a4715490ab1276d570566e60e'}, 'r': {'message': '成功', 'result': '1', 'sub_code': '', 'sub_message': ''}}
[2021-09-17 16:39:41,015]-[login.py|is_true]-[line|112]-INFO    : 获取登录验证码成功
[2021-09-17 16:39:41,016]-[sendRequests.py|send_requests]-[line|97]-DEBUG   : 
请求方式: post
请求URL: http://121.40.151.38:9082/unify_users/notice/job/send/message
请求data: None
[2021-09-17 16:39:41,025]-[connectionpool.py|_new_conn]-[line|227]-DEBUG   : Starting new HTTP connection (1): 121.40.151.38:9082
[2021-09-17 16:39:41,133]-[connectionpool.py|_make_request]-[line|452]-DEBUG   : http://121.40.151.38:9082 "POST /unify_users/notice/job/send/message HTTP/1.1" 200 None
[2021-09-17 16:39:41,134]-[sendRequests.py|send_requests]-[line|112]-DEBUG   : 返回内容--->{'l': {'request_id': 'b2ef3a9fb5d144d0bab586fdce1a6339'}, 'r': {'message': '成功', 'result': '1', 'sub_code': '', 'sub_message': ''}}
[2021-09-17 16:39:41,135]-[login.py|is_true]-[line|112]-INFO    : 执行验证码发送任务成功
[2021-09-17 16:39:41,135]-[login.py|__init__]-[line|25]-DEBUG   : 登录环境--->test
[2021-09-17 16:39:41,135]-[sendRequests.py|send_requests]-[line|97]-DEBUG   : 
请求方式: post
请求URL: https://hrmapitest.dingyl.com/hrm/user/rsa/public/key/query
请求data: {"n": {"user_code": "GC0200074603961341"}, "a": {"source": "1284"}, "v": {}}
[2021-09-17 16:39:41,137]-[connectionpool.py|_new_conn]-[line|971]-DEBUG   : Starting new HTTPS connection (1): hrmapitest.dingyl.com:443
[2021-09-17 16:39:41,246]-[connectionpool.py|_make_request]-[line|452]-DEBUG   : https://hrmapitest.dingyl.com:443 "POST /hrm/user/rsa/public/key/query HTTP/1.1" 200 None
[2021-09-17 16:39:41,247]-[sendRequests.py|send_requests]-[line|112]-DEBUG   : 返回内容--->{'l': {'request_id': '8ff67d761a5941669d6b14d3482e1d6e'}, 'n': {'random_key': '96599835'}, 'r': {'message': '成功', 'result': '1', 'sub_code': '', 'sub_message': ''}}
[2021-09-17 16:39:41,247]-[login.py|is_true]-[line|112]-INFO    : 获取登录key成功
[2021-09-17 16:39:41,247]-[sendRequests.py|send_requests]-[line|97]-DEBUG   : 
请求方式: post
请求URL: https://hrmapitest.dingyl.com/hrm/user/login
请求data: {"n": {"user_code": "GC0200074603961341", "user_pwd": "12b165a5f7ac00a837267837eb1d7185", "corp_id": "dinge1e0bb139cd52aa335c2f4657eb6378f"}, "a": {"source": "1284"}}
[2021-09-17 16:39:41,249]-[connectionpool.py|_new_conn]-[line|971]-DEBUG   : Starting new HTTPS connection (1): hrmapitest.dingyl.com:443
[2021-09-17 16:39:41,464]-[connectionpool.py|_make_request]-[line|452]-DEBUG   : https://hrmapitest.dingyl.com:443 "POST /hrm/user/login HTTP/1.1" 200 None
[2021-09-17 16:39:41,466]-[sendRequests.py|send_requests]-[line|112]-DEBUG   : 返回内容--->{'l': {'request_id': '05758ea168704505ae36e76dde7006a6'}, 'n': {'expire_time': '2022-09-30', 'gc_ding_dept_id': [{'key': 'd9abe94d140045788184433f81fe6b92', 'value': '科教科'}], 'is_expire': '0', 'personal_template_id': 'b764a448cd5f48799e2f515ce698c73a', 'position_form_id': 'POSITION_FORM1', 'product_type': '试用套餐', 'require_form_id': 'ZPXQFORM1', 'role_type': '', 'session_id': '290f9883ec554bad9fe33a1e812df3a5', 'user_avatar': 'https://static-legacy.dingtalk.com/media/lADPDgQ9wHhdLP7NA-DNAug_744_992.jpg', 'user_id': 'f3be3fc8357549d0be674469cc6416f8', 'user_name': '白刚3ggg', 'worker_job_form_id': '1221'}, 'r': {'message': '成功', 'result': '1', 'sub_code': '', 'sub_message': ''}}
[2021-09-17 16:39:41,466]-[login.py|is_true]-[line|112]-INFO    : 登录结果成功
[2021-09-17 16:39:41,467]-[sendRequests.py|send_requests]-[line|97]-DEBUG   : 
请求方式: post
请求URL: https://gcgateway-dev.dingyl.com/unify_message/notice/message/query
请求data: {"n": {"user_name": "", "user_phone": "17205434095", "message_content": "", "send_type": "295"}, "a": {"source": "1284"}, "v": "290f9883ec554bad9fe33a1e812df3a5", "f": {"indexpage": 1, "repaging": "1", "pagesize": 10}}
[2021-09-17 16:39:41,470]-[connectionpool.py|_new_conn]-[line|971]-DEBUG   : Starting new HTTPS connection (1): gcgateway-dev.dingyl.com:443
[2021-09-17 16:39:41,532]-[connectionpool.py|_make_request]-[line|452]-DEBUG   : https://gcgateway-dev.dingyl.com:443 "POST /unify_message/notice/message/query HTTP/1.1" 200 None
[2021-09-17 16:39:41,533]-[sendRequests.py|send_requests]-[line|112]-DEBUG   : 返回内容--->{'l': {'request_id': '5fb340f60aca4fdf8a05e5251be9ea67'}, 'r': {'message': '数据格式异常', 'result': '0', 'sub_all_message': '', 'sub_code': '0', 'sub_message': 'JSON parse error: syntax error, expect {, actual string, pos 127, fieldName v, fastjson-version 1.2.71; nested exception is com.alibaba.fastjson.JSONException: syntax error, expect {, actual string, pos 127, fieldName v, fastjson-version 1.2.71'}}
